[33mcommit e48fd6109e4f235c0e610bf40c25600b0fdbe8fc[m[33m ([m[1;36mHEAD -> [m[1;32mmaster[m[33m, [m[1;31morigin/master[m[33m)[m
Author: broughtmiracles <m0ig1bc0n@gmail.com>
Date:   Wed Aug 19 18:01:55 2020 +0300

    Добавил собственную систему телепортирования, в том числе, теперь можно телепортировать игрока к себе. Скоро система мутов/банов.

[33mcommit 62771eaa4eeae19ed8c328367bcf40695d177d4c[m
Author: broughtmiracles <m0ig1bc0n@gmail.com>
Date:   Mon Aug 10 19:07:03 2020 +0300

    Fix bug.

[33mcommit 13ee1f64eab137d71c48527396c8df892cc581e7[m
Author: broughtmiracles <m0ig1bc0n@gmail.com>
Date:   Mon Aug 10 18:39:50 2020 +0300

    fix bugs, rename files/packages

[33mcommit 924c10a38df802fdce46b40b189e91a94bb87bac[m
Author: broughtmiracles <m0ig1bc0n@gmail.com>
Date:   Mon Aug 10 18:38:04 2020 +0300

    f

[33mcommit 2a187ee5f571198dfb5f77c9a7fe357e277e2bbd[m
Author: broughtmiracles <m0ig1bc0n@gmail.com>
Date:   Mon Aug 10 18:37:32 2020 +0300

    renameing of packages, files

[33mcommit 2cf17c4481e3bc67b13e9b6511142aea379c8cd9[m
Author: broughtmiracles <m0ig1bc0n@gmail.com>
Date:   Mon Aug 10 18:36:00 2020 +0300

    fix bugs, rename files/packages

[33mcommit c545cecaedb29b46f869ccfcd8a5d94f154beec8[m
Author: broughtmiracles <m0ig1bc0n@gmail.com>
Date:   Mon Aug 10 16:40:08 2020 +0300

    a fix for op deop

[33mcommit 7ce82c296cfb6bc3b2f1375c1eee90f8bc6bee15[m
Author: broughtmiracles <m0ig1bc0n@gmail.com>
Date:   Mon Aug 10 16:27:38 2020 +0300

    There's first version. You canuse a essentials features in my plugin haha. Just parody, sorry.
